<?xml version="1.0" encoding="UTF-8"?>
<!-- Generated by org.testng.reporters.JUnitXMLReporter -->
<testsuite hostname="vdi-znkz-001" ignored="0" name="ExecutingTestBySuite_self" tests="5" failures="1" timestamp="2023-05-05T10:27:40 CST" time="40.265" errors="0">
  <testcase name="login_normal" time="3.019" classname="testcase.LoginCase"/>
  <testcase name="add_device_excel" time="0.002" classname="testcase.AddPowerPlantCase"/>
  <testcase name="add_device_manual" time="0.0" classname="testcase.AddPowerPlantCase"/>
  <testcase name="add_power_plant" time="13.278" classname="testcase.AddPowerPlantCase"/>
  <testcase name="exist_power_plant" time="0.779" classname="testcase.AddPowerPlantCase">
    <failure type="org.openqa.selenium.ElementClickInterceptedException" message="Element &amp;lt;button class=&amp;quot;el-button login-btn el-button--primary&amp;quot; type=&amp;quot;button&amp;quot;&amp;gt; is not clickable at point (993,567) because another element &amp;lt;div class=&amp;quot;el-loading-mask is-fullscreen el-loading-fade-leave-active el-loading-fade-leave-to&amp;quot;&amp;gt; obscures it
Build info: version: &amp;apos;3.141.59&amp;apos;, revision: &amp;apos;e82be7d358&amp;apos;, time: &amp;apos;2018-11-14T08:17:03&amp;apos;
System info: host: &amp;apos;VDI-ZNKZ-001&amp;apos;, ip: &amp;apos;20.60.5.100&amp;apos;, os.name: &amp;apos;Windows 10&amp;apos;, os.arch: &amp;apos;amd64&amp;apos;, os.version: &amp;apos;10.0&amp;apos;, java.version: &amp;apos;1.8.0_291&amp;apos;
Driver info: org.openqa.selenium.firefox.FirefoxDriver
Capabilities {acceptInsecureCerts: true, browserName: firefox, browserVersion: 112.0.1, javascriptEnabled: true, moz:accessibilityChecks: false, moz:buildID: 20230414125621, moz:geckodriverVersion: 0.31.0, moz:headless: false, moz:platformVersion: 10.0, moz:processID: 102264, moz:profile: C:\Users\GRT-LI~1\AppData\L..., moz:shutdownTimeout: 60000, moz:useNonSpecCompliantPointerOrigin: false, moz:webdriverClick: true, moz:windowless: false, pageLoadStrategy: normal, platform: WINDOWS, platformName: WINDOWS, proxy: Proxy(), setWindowRect: true, strictFileInteractability: false, timeouts: {implicit: 0, pageLoad: 300000, script: 30000}, unhandledPromptBehavior: dismiss and notify}
Session ID: d43d71b5-2ce0-4b40-a4bd-19d8452c782c">
      <![CDATA[org.openqa.selenium.ElementClickInterceptedException: Element <button class="el-button login-btn el-button--primary" type="button"> is not clickable at point (993,567) because another element <div class="el-loading-mask is-fullscreen el-loading-fade-leave-active el-loading-fade-leave-to"> obscures it
Build info: version: '3.141.59', revision: 'e82be7d358', time: '2018-11-14T08:17:03'
System info: host: 'VDI-ZNKZ-001', ip: '20.60.5.100', os.name: 'Windows 10', os.arch: 'amd64', os.version: '10.0', java.version: '1.8.0_291'
Driver info: org.openqa.selenium.firefox.FirefoxDriver
Capabilities {acceptInsecureCerts: true, browserName: firefox, browserVersion: 112.0.1, javascriptEnabled: true, moz:accessibilityChecks: false, moz:buildID: 20230414125621, moz:geckodriverVersion: 0.31.0, moz:headless: false, moz:platformVersion: 10.0, moz:processID: 102264, moz:profile: C:\Users\GRT-LI~1\AppData\L..., moz:shutdownTimeout: 60000, moz:useNonSpecCompliantPointerOrigin: false, moz:webdriverClick: true, moz:windowless: false, pageLoadStrategy: normal, platform: WINDOWS, platformName: WINDOWS, proxy: Proxy(), setWindowRect: true, strictFileInteractability: false, timeouts: {implicit: 0, pageLoad: 300000, script: 30000}, unhandledPromptBehavior: dismiss and notify}
Session ID: d43d71b5-2ce0-4b40-a4bd-19d8452c782c
at org.openqa.selenium.remote.http.W3CHttpResponseCodec.createException(W3CHttpResponseCodec.java:187)
at org.openqa.selenium.remote.http.W3CHttpResponseCodec.decode(W3CHttpResponseCodec.java:122)
at org.openqa.selenium.remote.http.W3CHttpResponseCodec.decode(W3CHttpResponseCodec.java:49)
at org.openqa.selenium.remote.HttpCommandExecutor.execute(HttpCommandExecutor.java:158)
at org.openqa.selenium.remote.service.DriverCommandExecutor.execute(DriverCommandExecutor.java:83)
at org.openqa.selenium.remote.RemoteWebDriver.execute(RemoteWebDriver.java:552)
at org.openqa.selenium.remote.RemoteWebElement.execute(RemoteWebElement.java:285)
at org.openqa.selenium.remote.RemoteWebElement.click(RemoteWebElement.java:84)
at page.BasePage.click(BasePage.java:25)
at page.LoginPage.login(LoginPage.java:29)
at testcase.AddPowerPlantCase.exist_power_plant(AddPowerPlantCase.java:31)
at java.util.ArrayList.forEach(ArrayList.java:1259)
... Removed 35 stack frames]]>
    </failure>
  </testcase> <!-- exist_power_plant -->
</testsuite> <!-- ExecutingTestBySuite_self -->
